<?xml version="1.0" encoding="UTF-8"?>
<testsuite xmlns:xsi="http://www.w3.org/2001/XMLSchema-instance" xsi:noNamespaceSchemaLocation="https://maven.apache.org/surefire/maven-surefire-plugin/xsd/surefire-test-report.xsd" name="com.assignm1.wapi.TestMainVerticle" time="1.74" tests="1" errors="0" skipped="0" failures="0">
  <properties>
    <property name="java.specification.version" value="17"/>
    <property name="sun.cpu.isalist" value="amd64"/>
    <property name="sun.jnu.encoding" value="Cp1252"/>
    <property name="java.class.path" value="C:\Users\Jagjeet Singh\Downloads\wapi\target\test-classes;C:\Users\Jagjeet Singh\Downloads\wapi\target\classes;C:\Users\Jagjeet Singh\.m2\repository\io\vertx\vertx-core\4.5.9\vertx-core-4.5.9.jar;C:\Users\Jagjeet Singh\.m2\repository\io\netty\netty-common\4.1.111.Final\netty-common-4.1.111.Final.jar;C:\Users\Jagjeet Singh\.m2\repository\io\netty\netty-buffer\4.1.111.Final\netty-buffer-4.1.111.Final.jar;C:\Users\Jagjeet Singh\.m2\repository\io\netty\netty-transport\4.1.111.Final\netty-transport-4.1.111.Final.jar;C:\Users\Jagjeet Singh\.m2\repository\io\netty\netty-handler\4.1.111.Final\netty-handler-4.1.111.Final.jar;C:\Users\Jagjeet Singh\.m2\repository\io\netty\netty-transport-native-unix-common\4.1.111.Final\netty-transport-native-unix-common-4.1.111.Final.jar;C:\Users\Jagjeet Singh\.m2\repository\io\netty\netty-codec\4.1.111.Final\netty-codec-4.1.111.Final.jar;C:\Users\Jagjeet Singh\.m2\repository\io\netty\netty-handler-proxy\4.1.111.Final\netty-handler-proxy-4.1.111.Final.jar;C:\Users\Jagjeet Singh\.m2\repository\io\netty\netty-codec-socks\4.1.111.Final\netty-codec-socks-4.1.111.Final.jar;C:\Users\Jagjeet Singh\.m2\repository\io\netty\netty-codec-http\4.1.111.Final\netty-codec-http-4.1.111.Final.jar;C:\Users\Jagjeet Singh\.m2\repository\io\netty\netty-codec-http2\4.1.111.Final\netty-codec-http2-4.1.111.Final.jar;C:\Users\Jagjeet Singh\.m2\repository\io\netty\netty-resolver\4.1.111.Final\netty-resolver-4.1.111.Final.jar;C:\Users\Jagjeet Singh\.m2\repository\io\netty\netty-resolver-dns\4.1.111.Final\netty-resolver-dns-4.1.111.Final.jar;C:\Users\Jagjeet Singh\.m2\repository\io\netty\netty-codec-dns\4.1.111.Final\netty-codec-dns-4.1.111.Final.jar;C:\Users\Jagjeet Singh\.m2\repository\com\fasterxml\jackson\core\jackson-core\2.16.1\jackson-core-2.16.1.jar;C:\Users\Jagjeet Singh\.m2\repository\io\vertx\vertx-auth-jwt\4.5.9\vertx-auth-jwt-4.5.9.jar;C:\Users\Jagjeet Singh\.m2\repository\io\vertx\vertx-auth-common\4.5.9\vertx-auth-common-4.5.9.jar;C:\Users\Jagjeet Singh\.m2\repository\io\vertx\vertx-web\4.5.9\vertx-web-4.5.9.jar;C:\Users\Jagjeet Singh\.m2\repository\io\vertx\vertx-web-common\4.5.9\vertx-web-common-4.5.9.jar;C:\Users\Jagjeet Singh\.m2\repository\io\vertx\vertx-bridge-common\4.5.9\vertx-bridge-common-4.5.9.jar;C:\Users\Jagjeet Singh\.m2\repository\io\vertx\vertx-web-client\4.5.9\vertx-web-client-4.5.9.jar;C:\Users\Jagjeet Singh\.m2\repository\io\vertx\vertx-uri-template\4.5.9\vertx-uri-template-4.5.9.jar;C:\Users\Jagjeet Singh\.m2\repository\io\vertx\vertx-junit5\4.5.9\vertx-junit5-4.5.9.jar;C:\Users\Jagjeet Singh\.m2\repository\org\junit\jupiter\junit-jupiter-params\5.8.2\junit-jupiter-params-5.8.2.jar;C:\Users\Jagjeet Singh\.m2\repository\org\junit\jupiter\junit-jupiter-api\5.9.1\junit-jupiter-api-5.9.1.jar;C:\Users\Jagjeet Singh\.m2\repository\org\opentest4j\opentest4j\1.2.0\opentest4j-1.2.0.jar;C:\Users\Jagjeet Singh\.m2\repository\org\junit\platform\junit-platform-commons\1.9.1\junit-platform-commons-1.9.1.jar;C:\Users\Jagjeet Singh\.m2\repository\org\apiguardian\apiguardian-api\1.1.2\apiguardian-api-1.1.2.jar;C:\Users\Jagjeet Singh\.m2\repository\org\junit\jupiter\junit-jupiter-engine\5.9.1\junit-jupiter-engine-5.9.1.jar;C:\Users\Jagjeet Singh\.m2\repository\org\junit\platform\junit-platform-engine\1.9.1\junit-platform-engine-1.9.1.jar;"/>
    <property name="java.vm.vendor" value="Oracle Corporation"/>
    <property name="sun.arch.data.model" value="64"/>
    <property name="user.variant" value=""/>
    <property name="java.vendor.url" value="https://java.oracle.com/"/>
    <property name="user.timezone" value="Asia/Calcutta"/>
    <property name="os.name" value="Windows 11"/>
    <property name="java.vm.specification.version" value="17"/>
    <property name="sun.java.launcher" value="SUN_STANDARD"/>
    <property name="user.country" value="US"/>
    <property name="sun.boot.library.path" value="C:\Program Files\Java\jdk-17.0.2\bin"/>
    <property name="sun.java.command" value="C:\Users\JAGJEE~1\AppData\Local\Temp\surefire9353373374777864550\surefirebooter17911007512097225296.jar C:\Users\Jagjeet Singh\AppData\Local\Temp\surefire9353373374777864550 2024-08-28T17-11-22_159-jvmRun1 surefire782864750481821267tmp surefire_0771206195399924197tmp"/>
    <property name="jdk.debug" value="release"/>
    <property name="surefire.test.class.path" value="C:\Users\Jagjeet Singh\Downloads\wapi\target\test-classes;C:\Users\Jagjeet Singh\Downloads\wapi\target\classes;C:\Users\Jagjeet Singh\.m2\repository\io\vertx\vertx-core\4.5.9\vertx-core-4.5.9.jar;C:\Users\Jagjeet Singh\.m2\repository\io\netty\netty-common\4.1.111.Final\netty-common-4.1.111.Final.jar;C:\Users\Jagjeet Singh\.m2\repository\io\netty\netty-buffer\4.1.111.Final\netty-buffer-4.1.111.Final.jar;C:\Users\Jagjeet Singh\.m2\repository\io\netty\netty-transport\4.1.111.Final\netty-transport-4.1.111.Final.jar;C:\Users\Jagjeet Singh\.m2\repository\io\netty\netty-handler\4.1.111.Final\netty-handler-4.1.111.Final.jar;C:\Users\Jagjeet Singh\.m2\repository\io\netty\netty-transport-native-unix-common\4.1.111.Final\netty-transport-native-unix-common-4.1.111.Final.jar;C:\Users\Jagjeet Singh\.m2\repository\io\netty\netty-codec\4.1.111.Final\netty-codec-4.1.111.Final.jar;C:\Users\Jagjeet Singh\.m2\repository\io\netty\netty-handler-proxy\4.1.111.Final\netty-handler-proxy-4.1.111.Final.jar;C:\Users\Jagjeet Singh\.m2\repository\io\netty\netty-codec-socks\4.1.111.Final\netty-codec-socks-4.1.111.Final.jar;C:\Users\Jagjeet Singh\.m2\repository\io\netty\netty-codec-http\4.1.111.Final\netty-codec-http-4.1.111.Final.jar;C:\Users\Jagjeet Singh\.m2\repository\io\netty\netty-codec-http2\4.1.111.Final\netty-codec-http2-4.1.111.Final.jar;C:\Users\Jagjeet Singh\.m2\repository\io\netty\netty-resolver\4.1.111.Final\netty-resolver-4.1.111.Final.jar;C:\Users\Jagjeet Singh\.m2\repository\io\netty\netty-resolver-dns\4.1.111.Final\netty-resolver-dns-4.1.111.Final.jar;C:\Users\Jagjeet Singh\.m2\repository\io\netty\netty-codec-dns\4.1.111.Final\netty-codec-dns-4.1.111.Final.jar;C:\Users\Jagjeet Singh\.m2\repository\com\fasterxml\jackson\core\jackson-core\2.16.1\jackson-core-2.16.1.jar;C:\Users\Jagjeet Singh\.m2\repository\io\vertx\vertx-auth-jwt\4.5.9\vertx-auth-jwt-4.5.9.jar;C:\Users\Jagjeet Singh\.m2\repository\io\vertx\vertx-auth-common\4.5.9\vertx-auth-common-4.5.9.jar;C:\Users\Jagjeet Singh\.m2\repository\io\vertx\vertx-web\4.5.9\vertx-web-4.5.9.jar;C:\Users\Jagjeet Singh\.m2\repository\io\vertx\vertx-web-common\4.5.9\vertx-web-common-4.5.9.jar;C:\Users\Jagjeet Singh\.m2\repository\io\vertx\vertx-bridge-common\4.5.9\vertx-bridge-common-4.5.9.jar;C:\Users\Jagjeet Singh\.m2\repository\io\vertx\vertx-web-client\4.5.9\vertx-web-client-4.5.9.jar;C:\Users\Jagjeet Singh\.m2\repository\io\vertx\vertx-uri-template\4.5.9\vertx-uri-template-4.5.9.jar;C:\Users\Jagjeet Singh\.m2\repository\io\vertx\vertx-junit5\4.5.9\vertx-junit5-4.5.9.jar;C:\Users\Jagjeet Singh\.m2\repository\org\junit\jupiter\junit-jupiter-params\5.8.2\junit-jupiter-params-5.8.2.jar;C:\Users\Jagjeet Singh\.m2\repository\org\junit\jupiter\junit-jupiter-api\5.9.1\junit-jupiter-api-5.9.1.jar;C:\Users\Jagjeet Singh\.m2\repository\org\opentest4j\opentest4j\1.2.0\opentest4j-1.2.0.jar;C:\Users\Jagjeet Singh\.m2\repository\org\junit\platform\junit-platform-commons\1.9.1\junit-platform-commons-1.9.1.jar;C:\Users\Jagjeet Singh\.m2\repository\org\apiguardian\apiguardian-api\1.1.2\apiguardian-api-1.1.2.jar;C:\Users\Jagjeet Singh\.m2\repository\org\junit\jupiter\junit-jupiter-engine\5.9.1\junit-jupiter-engine-5.9.1.jar;C:\Users\Jagjeet Singh\.m2\repository\org\junit\platform\junit-platform-engine\1.9.1\junit-platform-engine-1.9.1.jar;"/>
    <property name="sun.cpu.endian" value="little"/>
    <property name="user.home" value="C:\Users\Jagjeet Singh"/>
    <property name="user.language" value="en"/>
    <property name="java.specification.vendor" value="Oracle Corporation"/>
    <property name="java.version.date" value="2022-01-18"/>
    <property name="java.home" value="C:\Program Files\Java\jdk-17.0.2"/>
    <property name="file.separator" value="\"/>
    <property name="basedir" value="C:\Users\Jagjeet Singh\Downloads\wapi"/>
    <property name="java.vm.compressedOopsMode" value="32-bit"/>
    <property name="line.separator" value="&#10;"/>
    <property name="java.vm.specification.vendor" value="Oracle Corporation"/>
    <property name="java.specification.name" value="Java Platform API Specification"/>
    <property name="surefire.real.class.path" value="C:\Users\JAGJEE~1\AppData\Local\Temp\surefire9353373374777864550\surefirebooter17911007512097225296.jar"/>
    <property name="user.script" value=""/>
    <property name="sun.management.compiler" value="HotSpot 64-Bit Tiered Compilers"/>
    <property name="java.runtime.version" value="17.0.2+8-LTS-86"/>
    <property name="user.name" value="Jagjeet Singh"/>
    <property name="path.separator" value=";"/>
    <property name="os.version" value="10.0"/>
    <property name="java.runtime.name" value="Java(TM) SE Runtime Environment"/>
    <property name="file.encoding" value="Cp1252"/>
    <property name="java.vm.name" value="Java HotSpot(TM) 64-Bit Server VM"/>
    <property name="localRepository" value="C:\Users\Jagjeet Singh\.m2\repository"/>
    <property name="java.vendor.url.bug" value="https://bugreport.java.com/bugreport/"/>
    <property name="java.io.tmpdir" value="C:\Users\JAGJEE~1\AppData\Local\Temp\"/>
    <property name="java.version" value="17.0.2"/>
    <property name="user.dir" value="C:\Users\Jagjeet Singh\Downloads\wapi"/>
    <property name="os.arch" value="amd64"/>
    <property name="java.vm.specification.name" value="Java Virtual Machine Specification"/>
    <property name="sun.os.patch.level" value=""/>
    <property name="native.encoding" value="Cp1252"/>
    <property name="java.library.path" value="C:\Program Files\Java\jdk-17.0.2\bin;C:\WINDOWS\Sun\Java\bin;C:\WINDOWS\system32;C:\WINDOWS;C:\Program Files\Common Files\Oracle\Java\javapath;C:\WINDOWS\system32;C:\WINDOWS;C:\WINDOWS\System32\Wbem;C:\WINDOWS\System32\WindowsPowerShell\v1.0\;C:\WINDOWS\System32\OpenSSH\;C:\Program Files\Java\jdk-17.0.2\bin;C:\Program Files\CMake\bin;C:\Program Files\Git\cmd;C:\Users\Jagjeet Singh\AppData\Roaming\Python\Python38\site-packages;C:\Users\Jagjeet Singh\Downloads\apache-maven-3.9.9\bin;C:\Users\Jagjeet Singh\AppData\Local\Programs\Python\Python38\Scripts\;C:\Users\Jagjeet Singh\AppData\Local\Programs\Python\Python38\;C:\Users\Jagjeet Singh\AppData\Local\Microsoft\WindowsApps;;C:\Users\Jagjeet Singh\AppData\Local\Programs\Microsoft VS Code\bin;."/>
    <property name="java.vm.info" value="mixed mode, sharing"/>
    <property name="java.vendor" value="Oracle Corporation"/>
    <property name="java.vm.version" value="17.0.2+8-LTS-86"/>
    <property name="sun.io.unicode.encoding" value="UnicodeLittle"/>
    <property name="java.class.version" value="61.0"/>
  </properties>
  <testcase name="verticle_deployed{Vertx, VertxTestContext}" classname="com.assignm1.wapi.TestMainVerticle" time="1.726"/>
</testsuite>